This is pdfTeX, Version 3.1415926-2.3-1.40.12 (MiKTeX 2.9) (preloaded format=pdflatex 2015.5.19)  9 JUN 2015 16:12
entering extended mode
**sig-alternate.tex

(C:\Users\lovingmage\Documents\GitHub\ART4SQLi\SIG_Conference\sig-alternate.tex
LaTeX2e <2011/06/27>
Babel <v3.8m> and hyphenation patterns for loaded.

(C:\Users\lovingmage\Documents\GitHub\ART4SQLi\SIG_Conference\sig-alternate.cls
("D:\Program Files\TeX\CTEX\MiKTeX\tex\latex\graphics\epsfig.sty"
Package: epsfig 1999/02/16 v1.7a (e)psfig emulation (SPQR)

("D:\Program Files\TeX\CTEX\MiKTeX\tex\latex\graphics\graphicx.sty"
Package: graphicx 1999/02/16 v1.0f Enhanced LaTeX Graphics (DPC,SPQR)

("D:\Program Files\TeX\CTEX\MiKTeX\tex\latex\graphics\keyval.sty"
Package: keyval 1999/03/16 v1.13 key=value parser (DPC)
\KV@toks@=\toks14
)
("D:\Program Files\TeX\CTEX\MiKTeX\tex\latex\graphics\graphics.sty"
Package: graphics 2009/02/05 v1.0o Standard LaTeX Graphics (DPC,SPQR)

("D:\Program Files\TeX\CTEX\MiKTeX\tex\latex\graphics\trig.sty"
Package: trig 1999/03/16 v1.09 sin cos tan (DPC)
)
("D:\Program Files\TeX\CTEX\MiKTeX\tex\latex\00miktex\graphics.cfg"
File: graphics.cfg 2007/01/18 v1.5 graphics configuration of teTeX/TeXLive
)
Package graphics Info: Driver file: pdftex.def on input line 91.

("D:\Program Files\TeX\CTEX\MiKTeX\tex\latex\pdftex-def\pdftex.def"
File: pdftex.def 2011/05/27 v0.06d Graphics/color for pdfTeX

("D:\Program Files\TeX\CTEX\MiKTeX\tex\generic\oberdiek\infwarerr.sty"
Package: infwarerr 2010/04/08 v1.3 Providing info/warning/message (HO)
)
("D:\Program Files\TeX\CTEX\MiKTeX\tex\generic\oberdiek\ltxcmds.sty"
Package: ltxcmds 2011/04/18 v1.20 LaTeX kernel commands for general use (HO)
)
\Gread@gobject=\count79
))
\Gin@req@height=\dimen102
\Gin@req@width=\dimen103
)
\epsfxsize=\dimen104
\epsfysize=\dimen105
)
("D:\Program Files\TeX\CTEX\MiKTeX\tex\latex\amsfonts\amssymb.sty"
Package: amssymb 2009/06/22 v3.00

("D:\Program Files\TeX\CTEX\MiKTeX\tex\latex\amsfonts\amsfonts.sty"
Package: amsfonts 2009/06/22 v3.00 Basic AMSFonts support
\@emptytoks=\toks15
\symAMSa=\mathgroup4
\symAMSb=\mathgroup5
LaTeX Font Info:    Overwriting math alphabet `\mathfrak' in version `bold'
(Font)                  U/euf/m/n --> U/euf/b/n on input line 96.
))
("D:\Program Files\TeX\CTEX\MiKTeX\tex\latex\ams\math\amsmath.sty"
Package: amsmath 2000/07/18 v2.13 AMS math features
\@mathmargin=\skip41

For additional information on amsmath, use the `?' option.
("D:\Program Files\TeX\CTEX\MiKTeX\tex\latex\ams\math\amstext.sty"
Package: amstext 2000/06/29 v2.01

("D:\Program Files\TeX\CTEX\MiKTeX\tex\latex\ams\math\amsgen.sty"
File: amsgen.sty 1999/11/30 v2.0
\@emptytoks=\toks16
\ex@=\dimen106
))
("D:\Program Files\TeX\CTEX\MiKTeX\tex\latex\ams\math\amsbsy.sty"
Package: amsbsy 1999/11/29 v1.2d
\pmbraise@=\dimen107
)
("D:\Program Files\TeX\CTEX\MiKTeX\tex\latex\ams\math\amsopn.sty"
Package: amsopn 1999/12/14 v2.01 operator names
)
\inf@bad=\count80
LaTeX Info: Redefining \frac on input line 211.
\uproot@=\count81
\leftroot@=\count82
LaTeX Info: Redefining \overline on input line 307.
\classnum@=\count83
\DOTSCASE@=\count84
LaTeX Info: Redefining \ldots on input line 379.
LaTeX Info: Redefining \dots on input line 382.
LaTeX Info: Redefining \cdots on input line 467.
\Mathstrutbox@=\box26
\strutbox@=\box27
\big@size=\dimen108
LaTeX Font Info:    Redeclaring font encoding OML on input line 567.
LaTeX Font Info:    Redeclaring font encoding OMS on input line 568.
\macc@depth=\count85
\c@MaxMatrixCols=\count86
\dotsspace@=\muskip10
\c@parentequation=\count87
\dspbrk@lvl=\count88
\tag@help=\toks17
\row@=\count89
\column@=\count90
\maxfields@=\count91
\andhelp@=\toks18
\eqnshift@=\dimen109
\alignsep@=\dimen110
\tagshift@=\dimen111
\tagwidth@=\dimen112
\totwidth@=\dimen113
\lineht@=\dimen114
\@envbody=\toks19
\multlinegap=\skip42
\multlinetaggap=\skip43
\mathdisplay@stack=\toks20
LaTeX Info: Redefining \[ on input line 2666.
LaTeX Info: Redefining \] on input line 2667.
)
Document Class 'sig-alternate' <23rd. May '12>. Modified by G.K.M. Tobin/Gerry 
Murray
Based in part upon document Style `acmconf' <22 May 89>. Hacked 4/91 by
shivers@cs.cmu.edu, 4/93 by theobald@cs.mcgill.ca
Excerpts were taken from (Journal Style) 'esub2acm.cls'.
****** Bugs/comments/suggestions/technicalities to Gerry Murray -- murray@hq.ac
m.org ******
Questions on the style, SIGS policies, etc. to Adrienne Griscti griscti@acm.org

\footheight=\dimen115
\@maxsep=\dimen116
\@dblmaxsep=\dimen117
\aucount=\count92
\originalaucount=\count93
\auwidth=\dimen118
\auskip=\dimen119
\auskipcount=\count94
\auskip=\dimen120
\allauboxes=\dimen121
\addauthors=\toks21
\addauflag=\count95
\subtitletext=\toks22
\savesection=\count96
\sectioncntr=\count97
\c@figure=\count98
\c@table=\count99
\titleboxnotes=\toks23
\titleboxnoteflag=\count100
Document Class: sig-alternate 2012/05/23 - V2.5 - based on acmproc.cls V1.3 <No
v. 30 '99>
("D:\Program Files\TeX\CTEX\MiKTeX\tex\latex\base\latexsym.sty"
Package: latexsym 1998/08/17 v2.2e Standard LaTeX package (lasy symbols)
\symlasy=\mathgroup6
LaTeX Font Info:    Overwriting symbol font `lasy' in version `bold'
(Font)                  U/lasy/m/n --> U/lasy/b/n on input line 47.
)
\@acmtitlebox=\box28
\titlenotecount=\count101
\tntoks=\toks24
\tntokstwo=\toks25
\tntoksthree=\toks26
\tntoksfour=\toks27
\tntoksfive=\toks28
\catcount=\count102
\copyrightnotice=\toks29
\conf=\toks30
\confinfo=\toks31
\c@part=\count103
\c@section=\count104
\c@subsection=\count105
\c@subsubsection=\count106
\c@paragraph=\count107

Using 'Abbrev' bibliography style
LaTeX Info: Redefining \cite on input line 1211.
\bibindent=\dimen122
\colcntr=\count108
\saveb@x=\box29
\copyrtyr=\toks32
\acmcopyr=\toks33
\boilerplate=\toks34
\copyrightetc=\toks35
("D:\Program Files\TeX\CTEX\MiKTeX\tex\latex\base\fontenc.sty"
Package: fontenc 2005/09/27 v1.99g Standard LaTeX package

("D:\Program Files\TeX\CTEX\MiKTeX\tex\latex\base\t1enc.def"
File: t1enc.def 2005/09/27 v1.99g Standard LaTeX file
LaTeX Font Info:    Redeclaring font encoding T1 on input line 43.
)
LaTeX Font Info:    Try loading font information for T1+aer on input line 100.

("D:\Program Files\TeX\CTEX\MiKTeX\tex\latex\ae\t1aer.fd"
File: t1aer.fd 1997/11/16 Font definitions for T1/aer.
)))
("D:\Program Files\TeX\CTEX\MiKTeX\tex\latex\oberdiek\epstopdf.sty"
Package: epstopdf 2010/02/09 v2.5 Conversion with epstopdf on the fly (HO)

("D:\Program Files\TeX\CTEX\MiKTeX\tex\latex\oberdiek\epstopdf-base.sty"
Package: epstopdf-base 2010/02/09 v2.5 Base part for package epstopdf

("D:\Program Files\TeX\CTEX\MiKTeX\tex\latex\oberdiek\grfext.sty"
Package: grfext 2010/08/19 v1.1 Managing graphics extensions (HO)

("D:\Program Files\TeX\CTEX\MiKTeX\tex\generic\oberdiek\kvdefinekeys.sty"
Package: kvdefinekeys 2011/04/07 v1.3 Defining keys (HO)
))
("D:\Program Files\TeX\CTEX\MiKTeX\tex\latex\oberdiek\kvoptions.sty"
Package: kvoptions 2010/12/23 v3.10 Keyval support for LaTeX options (HO)

("D:\Program Files\TeX\CTEX\MiKTeX\tex\generic\oberdiek\kvsetkeys.sty"
Package: kvsetkeys 2011/04/07 v1.13 Key value parser (HO)

("D:\Program Files\TeX\CTEX\MiKTeX\tex\generic\oberdiek\etexcmds.sty"
Package: etexcmds 2011/02/16 v1.5 Prefix for e-TeX command names (HO)

("D:\Program Files\TeX\CTEX\MiKTeX\tex\generic\oberdiek\ifluatex.sty"
Package: ifluatex 2010/03/01 v1.3 Provides the ifluatex switch (HO)
Package ifluatex Info: LuaTeX not detected.
)
Package etexcmds Info: Could not find \expanded.
(etexcmds)             That can mean that you are not using pdfTeX 1.50 or
(etexcmds)             that some package has redefined \expanded.
(etexcmds)             In the latter case, load this package earlier.
)))
("D:\Program Files\TeX\CTEX\MiKTeX\tex\generic\oberdiek\pdftexcmds.sty"
Package: pdftexcmds 2011/04/22 v0.16 Utilities of pdfTeX for LuaTeX (HO)

("D:\Program Files\TeX\CTEX\MiKTeX\tex\generic\oberdiek\ifpdf.sty"
Package: ifpdf 2011/01/30 v2.3 Provides the ifpdf switch (HO)
Package ifpdf Info: pdfTeX in PDF mode is detected.
)
Package pdftexcmds Info: LuaTeX not detected.
Package pdftexcmds Info: \pdf@primitive is available.
Package pdftexcmds Info: \pdf@ifprimitive is available.
Package pdftexcmds Info: \pdfdraftmode found.
)
Package grfext Info: Graphics extension search list:
(grfext)             [.png,.pdf,.jpg,.mps,.jpeg,.jbig2,.jb2,.PNG,.PDF,.JPG,.JPE
G,.JBIG2,.JB2,.eps]
(grfext)             \AppendGraphicsExtensions on input line 452.
))
("D:\Program Files\TeX\CTEX\MiKTeX\tex\latex\psfrag\psfrag.sty"
Package: psfrag 1998/04/11 v3.04 PSfrag (MCG)
\pfg@pcount=\count109
\pfg@scount=\count110
\pfg@temp=\write3
)
(C:\Users\lovingmage\Documents\GitHub\ART4SQLi\SIG_Conference\psfig.sty)
("D:\Program Files\TeX\CTEX\MiKTeX\tex\latex\cite\cite.sty"
LaTeX Info: Redefining \cite on input line 302.
LaTeX Info: Redefining \nocite on input line 373.
Package: cite 2010/09/10  v 5.3
)
("D:\Program Files\TeX\CTEX\MiKTeX\tex\latex\tools\enumerate.sty"
Package: enumerate 1999/03/05 v3.00 enumerate extensions (DPC)
\@enLab=\toks36
)
("D:\Program Files\TeX\CTEX\MiKTeX\tex\latex\tools\bm.sty"
Package: bm 2004/02/26 v1.1c Bold Symbol Support (DPC/FMi)
\symboldoperators=\mathgroup7
\symboldletters=\mathgroup8
\symboldsymbols=\mathgroup9
\symboldlasy=\mathgroup10
LaTeX Font Info:    Redeclaring math alphabet \mathbf on input line 138.
LaTeX Info: Redefining \bm on input line 204.
)
("D:\Program Files\TeX\CTEX\MiKTeX\tex\latex\algorithms\algorithm.sty"
Package: algorithm 2009/08/24 v0.1 Document Style `algorithm' - floating enviro
nment

("D:\Program Files\TeX\CTEX\MiKTeX\tex\latex\float\float.sty"
Package: float 2001/11/08 v1.3d Float enhancements (AL)
\c@float@type=\count111
\float@exts=\toks37
\float@box=\box30
\@float@everytoks=\toks38
\@floatcapt=\box31
)
("D:\Program Files\TeX\CTEX\MiKTeX\tex\latex\base\ifthen.sty"
Package: ifthen 2001/05/26 v1.1c Standard LaTeX ifthen package (DPC)
)
\@float@every@algorithm=\toks39
\c@algorithm=\count112
)
("D:\Program Files\TeX\CTEX\MiKTeX\tex\latex\algorithms\algorithmic.sty"
Package: algorithmic 2009/08/24 v0.1 Document Style `algorithmic'
\c@ALC@unique=\count113
\c@ALC@line=\count114
\c@ALC@rem=\count115
\c@ALC@depth=\count116
\ALC@tlm=\skip44
\algorithmicindent=\skip45
)
("D:\Program Files\TeX\CTEX\MiKTeX\tex\latex\multirow\multirow.sty"
\bigstrutjot=\dimen123
)
("D:\Program Files\TeX\CTEX\MiKTeX\tex\latex\xcolor\xcolor.sty"
Package: xcolor 2007/01/21 v2.11 LaTeX color extensions (UK)

("D:\Program Files\TeX\CTEX\MiKTeX\tex\latex\00miktex\color.cfg"
File: color.cfg 2007/01/18 v1.5 color configuration of teTeX/TeXLive
)
Package xcolor Info: Driver file: pdftex.def on input line 225.
Package xcolor Info: Model `cmy' substituted by `cmy0' on input line 1337.
Package xcolor Info: Model `hsb' substituted by `rgb' on input line 1341.
Package xcolor Info: Model `RGB' extended on input line 1353.
Package xcolor Info: Model `HTML' substituted by `rgb' on input line 1355.
Package xcolor Info: Model `Hsb' substituted by `hsb' on input line 1356.
Package xcolor Info: Model `tHsb' substituted by `hsb' on input line 1357.
Package xcolor Info: Model `HSB' substituted by `hsb' on input line 1358.
Package xcolor Info: Model `Gray' substituted by `gray' on input line 1359.
Package xcolor Info: Model `wave' substituted by `hsb' on input line 1360.
)
(C:\Users\lovingmage\Documents\GitHub\ART4SQLi\SIG_Conference\sig-alternate.aux
)
LaTeX Font Info:    Checking defaults for OML/cmm/m/it on input line 65.
LaTeX Font Info:    ... okay on input line 65.
LaTeX Font Info:    Checking defaults for T1/cmr/m/n on input line 65.
LaTeX Font Info:    ... okay on input line 65.
LaTeX Font Info:    Checking defaults for OT1/cmr/m/n on input line 65.
LaTeX Font Info:    ... okay on input line 65.
LaTeX Font Info:    Checking defaults for OMS/cmsy/m/n on input line 65.
LaTeX Font Info:    ... okay on input line 65.
LaTeX Font Info:    Checking defaults for OMX/cmex/m/n on input line 65.
LaTeX Font Info:    ... okay on input line 65.
LaTeX Font Info:    Checking defaults for U/cmr/m/n on input line 65.
LaTeX Font Info:    ... okay on input line 65.
 ("D:\Program Files\TeX\CTEX\MiKTeX\tex\context\base\supp-pdf.mkii"
[Loading MPS to PDF converter (version 2006.09.02).]
\scratchcounter=\count117
\scratchdimen=\dimen124
\scratchbox=\box32
\nofMPsegments=\count118
\nofMParguments=\count119
\everyMPshowfont=\toks40
\MPscratchCnt=\count120
\MPscratchDim=\dimen125
\MPnumerator=\count121
\makeMPintoPDFobject=\count122
\everyMPtoPDFconversion=\toks41
)
LaTeX Font Info:    Try loading font information for U+msa on input line 183.
 ("D:\Program Files\TeX\CTEX\MiKTeX\tex\latex\amsfonts\umsa.fd"
File: umsa.fd 2009/06/22 v3.00 AMS symbols A
)
LaTeX Font Info:    Try loading font information for U+msb on input line 183.

("D:\Program Files\TeX\CTEX\MiKTeX\tex\latex\amsfonts\umsb.fd"
File: umsb.fd 2009/06/22 v3.00 AMS symbols B
)
LaTeX Font Info:    Try loading font information for U+lasy on input line 183.

("D:\Program Files\TeX\CTEX\MiKTeX\tex\latex\base\ulasy.fd"
File: ulasy.fd 1998/08/17 v2.2e LaTeX symbol font definitions
)
LaTeX Font Info:    Font shape `U/lasy/b/n' in size <9> not available
(Font)              Font shape `U/lasy/m/n' tried instead on input line 183.
LaTeX Font Info:    Font shape `U/lasy/b/n' in size <6> not available
(Font)              Font shape `U/lasy/m/n' tried instead on input line 183.
LaTeX Font Info:    Font shape `U/lasy/b/n' in size <5> not available
(Font)              Font shape `U/lasy/m/n' tried instead on input line 183.
 [1
Non-PDF special ignored!{D:/Program Files/TeX/CTEX/UserData/pdftex/config/pdfte
x.map{Unicode.sfd}{UGBK.sfd}}


]
Underfull \hbox (badness 10000) in paragraph at lines 208--208
[][]\T1/aer/m/n/9 http://cve.mitre.org/cgi-bin/cvename.cgi?name=CVE-
 []


Underfull \hbox (badness 10000) in paragraph at lines 208--208
[][]\T1/aer/m/n/9 http://cve.mitre.org/cgi-bin/cvename.cgi?name=CVE-
 []


Underfull \hbox (badness 10000) in paragraph at lines 208--208
[][]\T1/aer/m/n/9 http://cve.mitre.org/cgi-bin/cvename.cgi?name=CVE-
 []

[2]
Overfull \hbox (7.13535pt too wide) in paragraph at lines 220--221
\T1/aer/m/n/9 tri-bu-tion for dec-tect-ing SQLi vul-ner-a-bil-i-ties which show
s
 []


Overfull \hbox (1.53784pt too wide) in paragraph at lines 222--224
[]\T1/aer/m/n/9 An ex-per-i-men-tal e-val-u-a-tion of the tech-nique that shows

 []


Underfull \vbox (badness 3108) has occurred while \output is active []

 [3]
Underfull \hbox (badness 10000) in paragraph at lines 278--282

 []


Underfull \hbox (badness 10000) in paragraph at lines 283--284

 []


Underfull \hbox (badness 10000) in paragraph at lines 292--293

 []


Overfull \hbox (12.00066pt too wide) in paragraph at lines 349--350
$[] \OT1/cmr/m/n/9 = [\OML/cmm/m/it/9 w[]; w[]; w[]; :::; w[]\OT1/cmr/m/n/9 ][]
$\T1/aer/m/n/9 , $[] \OT1/cmr/m/n/9 = [\OML/cmm/m/it/9 w[]; w[]; w[]; :::; w[]\
OT1/cmr/m/n/9 ][]$\T1/aer/m/n/9 .
 []

[4]
(C:\Users\lovingmage\Documents\GitHub\ART4SQLi\SIG_Conference\sig-alternate.bbl
[5]
Underfull \vbox (badness 10000) has occurred while \output is active []

)
LaTeX Font Info:    Try loading font information for T1+aett on input line 480.


("D:\Program Files\TeX\CTEX\MiKTeX\tex\latex\ae\t1aett.fd"
File: t1aett.fd 1997/11/16 Font definitions for T1/aett.
) [6]
(C:\Users\lovingmage\Documents\GitHub\ART4SQLi\SIG_Conference\sig-alternate.aux
) ) 
Here is how much of TeX's memory you used:
 3831 strings out of 495354
 48627 string characters out of 3182851
 121922 words of memory out of 3000000
 6874 multiletter control sequences out of 15000+200000
 56458 words of font info for 82 fonts, out of 3000000 for 9000
 14 hyphenation exceptions out of 8191
 42i,13n,35p,1771b,512s stack positions out of 5000i,500n,10000p,200000b,50000s
{D:/Program Files/TeX/CTEX/MiKTeX/fonts/enc/dvips/fontname/8r.enc}<D:/Progra
m Files/TeX/CTEX/MiKTeX/fonts/type1/public/amsfonts/cm/cmbx6.pfb><D:/Program Fi
les/TeX/CTEX/MiKTeX/fonts/type1/public/amsfonts/cm/cmbx9.pfb><D:/Program Files/
TeX/CTEX/MiKTeX/fonts/type1/public/amsfonts/cmextra/cmex9.pfb><D:/Program Files
/TeX/CTEX/MiKTeX/fonts/type1/public/amsfonts/cm/cmmi5.pfb><D:/Program Files/TeX
/CTEX/MiKTeX/fonts/type1/public/amsfonts/cm/cmmi6.pfb><D:/Program Files/TeX/CTE
X/MiKTeX/fonts/type1/public/amsfonts/cm/cmmi9.pfb><D:/Program Files/TeX/CTEX/Mi
KTeX/fonts/type1/public/amsfonts/cm/cmr6.pfb><D:/Program Files/TeX/CTEX/MiKTeX/
fonts/type1/public/amsfonts/cm/cmr9.pfb><D:/Program Files/TeX/CTEX/MiKTeX/fonts
/type1/public/amsfonts/cm/cmsy5.pfb><D:/Program Files/TeX/CTEX/MiKTeX/fonts/typ
e1/public/amsfonts/cm/cmsy6.pfb><D:/Program Files/TeX/CTEX/MiKTeX/fonts/type1/p
ublic/amsfonts/cm/cmsy9.pfb><D:/Program Files/TeX/CTEX/MiKTeX/fonts/type1/publi
c/amsfonts/cm/cmti9.pfb><D:/Program Files/TeX/CTEX/MiKTeX/fonts/type1/public/am
sfonts/cm/cmtt9.pfb><D:/Program Files/TeX/CTEX/MiKTeX/fonts/type1/public/amsfon
ts/symbols/msbm10.pfb><D:/Program Files/TeX/CTEX/MiKTeX/fonts/type1/urw/helveti
c/uhvb8a.pfb><D:/Program Files/TeX/CTEX/MiKTeX/fonts/type1/urw/helvetic/uhvr8a.
pfb><D:/Program Files/TeX/CTEX/MiKTeX/fonts/type1/urw/times/utmb8a.pfb><D:/Prog
ram Files/TeX/CTEX/MiKTeX/fonts/type1/urw/times/utmr8a.pfb><D:/Program Files/Te
X/CTEX/MiKTeX/fonts/type1/urw/times/utmri8a.pfb>
Output written on sig-alternate.pdf (6 pages, 267300 bytes).
PDF statistics:
 98 PDF objects out of 1000 (max. 8388607)
 0 named destinations out of 1000 (max. 500000)
 1 words of extra memory for PDF output out of 10000 (max. 10000000)

